This is pdfTeX, Version 3.14159265-2.6-1.40.21 (TeX Live 2020) (preloaded format=pdflatex 2020.4.7)  25 OCT 2020 16:50
entering extended mode
 restricted \write18 enabled.
 %&-line parsing enabled.
**fit_report.tex
(./fit_report.tex
LaTeX2e <2020-02-02> patch level 5
L3 programming layer <2020-03-06>
(/usr/local/texlive/2020/texmf-dist/tex/latex/base/article.cls
Document Class: article 2019/12/20 v1.4l Standard LaTeX document class
(/usr/local/texlive/2020/texmf-dist/tex/latex/base/size10.clo
File: size10.clo 2019/12/20 v1.4l Standard LaTeX file (size option)
)
\c@part=\count167
\c@section=\count168
\c@subsection=\count169
\c@subsubsection=\count170
\c@paragraph=\count171
\c@subparagraph=\count172
\c@figure=\count173
\c@table=\count174
\abovecaptionskip=\skip47
\belowcaptionskip=\skip48
\bibindent=\dimen134
)
(/usr/local/texlive/2020/texmf-dist/tex/latex/base/inputenc.sty
Package: inputenc 2018/08/11 v1.3c Input encoding file
\inpenc@prehook=\toks15
\inpenc@posthook=\toks16
)
(/usr/local/texlive/2020/texmf-dist/tex/latex/physics/physics.sty
Package: physics 

(/usr/local/texlive/2020/texmf-dist/tex/latex/l3packages/xparse/xparse.sty
(/usr/local/texlive/2020/texmf-dist/tex/latex/l3kernel/expl3.sty
Package: expl3 2020-03-06 L3 programming layer (loader) 

(/usr/local/texlive/2020/texmf-dist/tex/latex/l3backend/l3backend-pdfmode.def
File: l3backend-pdfmode.def 2020-03-12 L3 backend support: PDF mode
\l__kernel_color_stack_int=\count175
\l__pdf_internal_box=\box45
))
Package: xparse 2020-03-06 L3 Experimental document command parser
\l__xparse_current_arg_int=\count176
\g__xparse_grabber_int=\count177
\l__xparse_m_args_int=\count178
\l__xparse_v_nesting_int=\count179
) (/usr/local/texlive/2020/texmf-dist/tex/latex/amsmath/amsmath.sty
Package: amsmath 2020/01/20 v2.17e AMS math features
\@mathmargin=\skip49

For additional information on amsmath, use the `?' option.
(/usr/local/texlive/2020/texmf-dist/tex/latex/amsmath/amstext.sty
Package: amstext 2000/06/29 v2.01 AMS text

(/usr/local/texlive/2020/texmf-dist/tex/latex/amsmath/amsgen.sty
File: amsgen.sty 1999/11/30 v2.0 generic functions
\@emptytoks=\toks17
\ex@=\dimen135
))
(/usr/local/texlive/2020/texmf-dist/tex/latex/amsmath/amsbsy.sty
Package: amsbsy 1999/11/29 v1.2d Bold Symbols
\pmbraise@=\dimen136
)
(/usr/local/texlive/2020/texmf-dist/tex/latex/amsmath/amsopn.sty
Package: amsopn 2016/03/08 v2.02 operator names
)
\inf@bad=\count180
LaTeX Info: Redefining \frac on input line 227.
\uproot@=\count181
\leftroot@=\count182
LaTeX Info: Redefining \overline on input line 389.
\classnum@=\count183
\DOTSCASE@=\count184
LaTeX Info: Redefining \ldots on input line 486.
LaTeX Info: Redefining \dots on input line 489.
LaTeX Info: Redefining \cdots on input line 610.
\Mathstrutbox@=\box46
\strutbox@=\box47
\big@size=\dimen137
LaTeX Font Info:    Redeclaring font encoding OML on input line 733.
LaTeX Font Info:    Redeclaring font encoding OMS on input line 734.
\macc@depth=\count185
\c@MaxMatrixCols=\count186
\dotsspace@=\muskip16
\c@parentequation=\count187
\dspbrk@lvl=\count188
\tag@help=\toks18
\row@=\count189
\column@=\count190
\maxfields@=\count191
\andhelp@=\toks19
\eqnshift@=\dimen138
\alignsep@=\dimen139
\tagshift@=\dimen140
\tagwidth@=\dimen141
\totwidth@=\dimen142
\lineht@=\dimen143
\@envbody=\toks20
\multlinegap=\skip50
\multlinetaggap=\skip51
\mathdisplay@stack=\toks21
LaTeX Info: Redefining \[ on input line 2859.
LaTeX Info: Redefining \] on input line 2860.
))
(/usr/local/texlive/2020/texmf-dist/tex/latex/hyperref/hyperref.sty
Package: hyperref 2020/01/14 v7.00d Hypertext links for LaTeX

(/usr/local/texlive/2020/texmf-dist/tex/generic/ltxcmds/ltxcmds.sty
Package: ltxcmds 2019/12/15 v1.24 LaTeX kernel commands for general use (HO)
)
(/usr/local/texlive/2020/texmf-dist/tex/generic/iftex/iftex.sty
Package: iftex 2020/03/06 v1.0d TeX engine tests
)
(/usr/local/texlive/2020/texmf-dist/tex/latex/pdftexcmds/pdftexcmds.sty
Package: pdftexcmds 2019/11/24 v0.31 Utility functions of pdfTeX for LuaTeX (HO
)

(/usr/local/texlive/2020/texmf-dist/tex/generic/infwarerr/infwarerr.sty
Package: infwarerr 2019/12/03 v1.5 Providing info/warning/error messages (HO)
)
Package pdftexcmds Info: \pdf@primitive is available.
Package pdftexcmds Info: \pdf@ifprimitive is available.
Package pdftexcmds Info: \pdfdraftmode found.
)
(/usr/local/texlive/2020/texmf-dist/tex/latex/graphics/keyval.sty
Package: keyval 2014/10/28 v1.15 key=value parser (DPC)
\KV@toks@=\toks22
)
(/usr/local/texlive/2020/texmf-dist/tex/generic/kvsetkeys/kvsetkeys.sty
Package: kvsetkeys 2019/12/15 v1.18 Key value parser (HO)
)
(/usr/local/texlive/2020/texmf-dist/tex/generic/kvdefinekeys/kvdefinekeys.sty
Package: kvdefinekeys 2019-12-19 v1.6 Define keys (HO)
)
(/usr/local/texlive/2020/texmf-dist/tex/generic/pdfescape/pdfescape.sty
Package: pdfescape 2019/12/09 v1.15 Implements pdfTeX's escape features (HO)
)
(/usr/local/texlive/2020/texmf-dist/tex/latex/hycolor/hycolor.sty
Package: hycolor 2020-01-27 v1.10 Color options for hyperref/bookmark (HO)
)
(/usr/local/texlive/2020/texmf-dist/tex/latex/letltxmacro/letltxmacro.sty
Package: letltxmacro 2019/12/03 v1.6 Let assignment for LaTeX macros (HO)
)
(/usr/local/texlive/2020/texmf-dist/tex/latex/auxhook/auxhook.sty
Package: auxhook 2019-12-17 v1.6 Hooks for auxiliary files (HO)
)
(/usr/local/texlive/2020/texmf-dist/tex/latex/kvoptions/kvoptions.sty
Package: kvoptions 2019/11/29 v3.13 Key value format for package options (HO)
)
\@linkdim=\dimen144
\Hy@linkcounter=\count192
\Hy@pagecounter=\count193

(/usr/local/texlive/2020/texmf-dist/tex/latex/hyperref/pd1enc.def
File: pd1enc.def 2020/01/14 v7.00d Hyperref: PDFDocEncoding definition (HO)
Now handling font encoding PD1 ...
... no UTF-8 mapping file for font encoding PD1
)
(/usr/local/texlive/2020/texmf-dist/tex/generic/intcalc/intcalc.sty
Package: intcalc 2019/12/15 v1.3 Expandable calculations with integers (HO)
)
(/usr/local/texlive/2020/texmf-dist/tex/generic/etexcmds/etexcmds.sty
Package: etexcmds 2019/12/15 v1.7 Avoid name clashes with e-TeX commands (HO)
)
\Hy@SavedSpaceFactor=\count194
Package hyperref Info: Option `colorlinks' set `true' on input line 4421.
Package hyperref Info: Hyper figures OFF on input line 4547.
Package hyperref Info: Link nesting OFF on input line 4552.
Package hyperref Info: Hyper index ON on input line 4555.
Package hyperref Info: Plain pages OFF on input line 4562.
Package hyperref Info: Backreferencing OFF on input line 4567.
Package hyperref Info: Implicit mode ON; LaTeX internals redefined.
Package hyperref Info: Bookmarks ON on input line 4800.
\c@Hy@tempcnt=\count195

(/usr/local/texlive/2020/texmf-dist/tex/latex/url/url.sty
\Urlmuskip=\muskip17
Package: url 2013/09/16  ver 3.4  Verb mode for urls, etc.
)
LaTeX Info: Redefining \url on input line 5159.
\XeTeXLinkMargin=\dimen145

(/usr/local/texlive/2020/texmf-dist/tex/generic/bitset/bitset.sty
Package: bitset 2019/12/09 v1.3 Handle bit-vector datatype (HO)

(/usr/local/texlive/2020/texmf-dist/tex/generic/bigintcalc/bigintcalc.sty
Package: bigintcalc 2019/12/15 v1.5 Expandable calculations on big integers (HO
)
))
\Fld@menulength=\count196
\Field@Width=\dimen146
\Fld@charsize=\dimen147
Package hyperref Info: Hyper figures OFF on input line 6430.
Package hyperref Info: Link nesting OFF on input line 6435.
Package hyperref Info: Hyper index ON on input line 6438.
Package hyperref Info: backreferencing OFF on input line 6445.
Package hyperref Info: Link coloring ON on input line 6448.
Package hyperref Info: Link coloring with OCG OFF on input line 6455.
Package hyperref Info: PDF/A mode OFF on input line 6460.
LaTeX Info: Redefining \ref on input line 6500.
LaTeX Info: Redefining \pageref on input line 6504.

(/usr/local/texlive/2020/texmf-dist/tex/generic/atbegshi/atbegshi.sty
Package: atbegshi 2019/12/05 v1.19 At begin shipout hook (HO)
)
\Hy@abspage=\count197
\c@Item=\count198
\c@Hfootnote=\count199
)
Package hyperref Info: Driver (autodetected): hpdftex.

(/usr/local/texlive/2020/texmf-dist/tex/latex/hyperref/hpdftex.def
File: hpdftex.def 2020/01/14 v7.00d Hyperref driver for pdfTeX

(/usr/local/texlive/2020/texmf-dist/tex/latex/atveryend/atveryend.sty
Package: atveryend 2019-12-11 v1.11 Hooks at the very end of document (HO)
Package atveryend Info: \enddocument detected (standard20110627).
)
\Fld@listcount=\count266
\c@bookmark@seq@number=\count267

(/usr/local/texlive/2020/texmf-dist/tex/latex/rerunfilecheck/rerunfilecheck.sty
Package: rerunfilecheck 2019/12/05 v1.9 Rerun checks for auxiliary files (HO)

(/usr/local/texlive/2020/texmf-dist/tex/generic/uniquecounter/uniquecounter.sty
Package: uniquecounter 2019/12/15 v1.4 Provide unlimited unique counter (HO)
)
Package uniquecounter Info: New unique counter `rerunfilecheck' on input line 2
86.
)
\Hy@SectionHShift=\skip52
) (/usr/local/texlive/2020/texmf-dist/tex/latex/graphics/graphicx.sty
Package: graphicx 2019/11/30 v1.2a Enhanced LaTeX Graphics (DPC,SPQR)

(/usr/local/texlive/2020/texmf-dist/tex/latex/graphics/graphics.sty
Package: graphics 2019/11/30 v1.4a Standard LaTeX Graphics (DPC,SPQR)

(/usr/local/texlive/2020/texmf-dist/tex/latex/graphics/trig.sty
Package: trig 2016/01/03 v1.10 sin cos tan (DPC)
)
(/usr/local/texlive/2020/texmf-dist/tex/latex/graphics-cfg/graphics.cfg
File: graphics.cfg 2016/06/04 v1.11 sample graphics configuration
)
Package graphics Info: Driver file: pdftex.def on input line 105.

(/usr/local/texlive/2020/texmf-dist/tex/latex/graphics-def/pdftex.def
File: pdftex.def 2018/01/08 v1.0l Graphics/color driver for pdftex
))
\Gin@req@height=\dimen148
\Gin@req@width=\dimen149
)
(/usr/local/texlive/2020/texmf-dist/tex/latex/preprint/authblk.sty
Package: authblk 2001/02/27 1.3 (PWD)
\affilsep=\skip53
\@affilsep=\skip54
\c@Maxaffil=\count268
\c@authors=\count269
\c@affil=\count270
)
(./fit_report.aux)
\openout1 = `fit_report.aux'.

LaTeX Font Info:    Checking defaults for OML/cmm/m/it on input line 14.
LaTeX Font Info:    ... okay on input line 14.
LaTeX Font Info:    Checking defaults for OMS/cmsy/m/n on input line 14.
LaTeX Font Info:    ... okay on input line 14.
LaTeX Font Info:    Checking defaults for OT1/cmr/m/n on input line 14.
LaTeX Font Info:    ... okay on input line 14.
LaTeX Font Info:    Checking defaults for T1/cmr/m/n on input line 14.
LaTeX Font Info:    ... okay on input line 14.
LaTeX Font Info:    Checking defaults for TS1/cmr/m/n on input line 14.
LaTeX Font Info:    ... okay on input line 14.
LaTeX Font Info:    Checking defaults for OMX/cmex/m/n on input line 14.
LaTeX Font Info:    ... okay on input line 14.
LaTeX Font Info:    Checking defaults for U/cmr/m/n on input line 14.
LaTeX Font Info:    ... okay on input line 14.
LaTeX Font Info:    Checking defaults for PD1/pdf/m/n on input line 14.
LaTeX Font Info:    ... okay on input line 14.
\AtBeginShipoutBox=\box48

(/usr/local/texlive/2020/texmf-dist/tex/latex/graphics/color.sty
Package: color 2019/11/23 v1.2a Standard LaTeX Color (DPC)

(/usr/local/texlive/2020/texmf-dist/tex/latex/graphics-cfg/color.cfg
File: color.cfg 2016/01/02 v1.6 sample color configuration
)
Package color Info: Driver file: pdftex.def on input line 147.
)
Package hyperref Info: Link coloring ON on input line 14.

(/usr/local/texlive/2020/texmf-dist/tex/latex/hyperref/nameref.sty
Package: nameref 2019/09/16 v2.46 Cross-referencing by name of section

(/usr/local/texlive/2020/texmf-dist/tex/latex/refcount/refcount.sty
Package: refcount 2019/12/15 v3.6 Data extraction from label references (HO)
)
(/usr/local/texlive/2020/texmf-dist/tex/generic/gettitlestring/gettitlestring.s
ty
Package: gettitlestring 2019/12/15 v1.6 Cleanup title references (HO)
)
\c@section@level=\count271
)
LaTeX Info: Redefining \ref on input line 14.
LaTeX Info: Redefining \pageref on input line 14.
LaTeX Info: Redefining \nameref on input line 14.
 (./fit_report.out) (./fit_report.out)
\@outlinefile=\write3
\openout3 = `fit_report.out'.


(/usr/local/texlive/2020/texmf-dist/tex/context/base/mkii/supp-pdf.mkii
[Loading MPS to PDF converter (version 2006.09.02).]
\scratchcounter=\count272
\scratchdimen=\dimen150
\scratchbox=\box49
\nofMPsegments=\count273
\nofMParguments=\count274
\everyMPshowfont=\toks23
\MPscratchCnt=\count275
\MPscratchDim=\dimen151
\MPnumerator=\count276
\makeMPintoPDFobject=\count277
\everyMPtoPDFconversion=\toks24
) (/usr/local/texlive/2020/texmf-dist/tex/latex/epstopdf-pkg/epstopdf-base.sty
Package: epstopdf-base 2020-01-24 v2.11 Base part for package epstopdf
Package epstopdf-base Info: Redefining graphics rule for `.eps' on input line 4
85.

(/usr/local/texlive/2020/texmf-dist/tex/latex/latexconfig/epstopdf-sys.cfg
File: epstopdf-sys.cfg 2010/07/13 v1.3 Configuration of (r)epstopdf for TeX Liv
e
))
<meff_rawdata.png, id=24, 722.7pt x 505.89pt>
File: meff_rawdata.png Graphic file (type png)
<use meff_rawdata.png>
Package pdftex.def Info: meff_rawdata.png  used on input line 33.
(pdftex.def)             Requested size: 241.49895pt x 169.05156pt.
<ZSeff_rawdata.png, id=26, 722.7pt x 505.89pt>
File: ZSeff_rawdata.png Graphic file (type png)
<use ZSeff_rawdata.png>
Package pdftex.def Info: ZSeff_rawdata.png  used on input line 34.
(pdftex.def)             Requested size: 169.0519pt x 118.33609pt.
<ZPeff_rawdata.png, id=27, 722.7pt x 505.89pt>
File: ZPeff_rawdata.png Graphic file (type png)
<use ZPeff_rawdata.png>
Package pdftex.def Info: ZPeff_rawdata.png  used on input line 35.
(pdftex.def)             Requested size: 169.0519pt x 118.33609pt.


LaTeX Warning: `h' float specifier changed to `ht'.

[1

{/usr/local/texlive/2020/texmf-var/fonts/map/pdftex/updmap/pdftex.map}]
<2pt_fit_4_nFH_3_meff_harmosc.png, id=47, 722.7pt x 505.89pt>
File: 2pt_fit_4_nFH_3_meff_harmosc.png Graphic file (type png)
<use 2pt_fit_4_nFH_3_meff_harmosc.png>
Package pdftex.def Info: 2pt_fit_4_nFH_3_meff_harmosc.png  used on input line 7
4.
(pdftex.def)             Requested size: 169.0519pt x 118.33609pt.
<2pt_fit_5_nFH_3_meff_harmosc.png, id=48, 722.7pt x 505.89pt>
File: 2pt_fit_5_nFH_3_meff_harmosc.png Graphic file (type png)
<use 2pt_fit_5_nFH_3_meff_harmosc.png>
Package pdftex.def Info: 2pt_fit_5_nFH_3_meff_harmosc.png  used on input line 7
5.
(pdftex.def)             Requested size: 169.0519pt x 118.33609pt.
<2pt_fit_6_nFH_3_meff_harmosc.png, id=49, 722.7pt x 505.89pt>
File: 2pt_fit_6_nFH_3_meff_harmosc.png Graphic file (type png)
<use 2pt_fit_6_nFH_3_meff_harmosc.png>
Package pdftex.def Info: 2pt_fit_6_nFH_3_meff_harmosc.png  used on input line 7
6.
(pdftex.def)             Requested size: 169.0519pt x 118.33609pt.

[2 <./meff_rawdata.png> <./ZSeff_rawdata.png> <./ZPeff_rawdata.png>]
<simultaneous_2pt_3pt_tau1_4_nFH_3_gA_harmosc.png, id=59, 722.7pt x 505.89pt>
File: simultaneous_2pt_3pt_tau1_4_nFH_3_gA_harmosc.png Graphic file (type png)
<use simultaneous_2pt_3pt_tau1_4_nFH_3_gA_harmosc.png>
Package pdftex.def Info: simultaneous_2pt_3pt_tau1_4_nFH_3_gA_harmosc.png  used
 on input line 83.
(pdftex.def)             Requested size: 169.0519pt x 118.33609pt.
<simultaneous_2pt_3pt_tau1_5_nFH_3_gA_harmosc.png, id=60, 722.7pt x 505.89pt>
File: simultaneous_2pt_3pt_tau1_5_nFH_3_gA_harmosc.png Graphic file (type png)
<use simultaneous_2pt_3pt_tau1_5_nFH_3_gA_harmosc.png>
Package pdftex.def Info: simultaneous_2pt_3pt_tau1_5_nFH_3_gA_harmosc.png  used
 on input line 84.
(pdftex.def)             Requested size: 169.0519pt x 118.33609pt.
<simultaneous_2pt_3pt_tau1_6_nFH_3_gA_harmosc.png, id=61, 722.7pt x 505.89pt>
File: simultaneous_2pt_3pt_tau1_6_nFH_3_gA_harmosc.png Graphic file (type png)
<use simultaneous_2pt_3pt_tau1_6_nFH_3_gA_harmosc.png>
Package pdftex.def Info: simultaneous_2pt_3pt_tau1_6_nFH_3_gA_harmosc.png  used
 on input line 85.
(pdftex.def)             Requested size: 169.0519pt x 118.33609pt.
<2pt_fit_4_nFH_3_meff.png, id=62, 722.7pt x 505.89pt>
File: 2pt_fit_4_nFH_3_meff.png Graphic file (type png)
<use 2pt_fit_4_nFH_3_meff.png>
Package pdftex.def Info: 2pt_fit_4_nFH_3_meff.png  used on input line 93.
(pdftex.def)             Requested size: 169.0519pt x 118.33609pt.
<2pt_fit_5_nFH_3_meff.png, id=63, 722.7pt x 505.89pt>
File: 2pt_fit_5_nFH_3_meff.png Graphic file (type png)
<use 2pt_fit_5_nFH_3_meff.png>
Package pdftex.def Info: 2pt_fit_5_nFH_3_meff.png  used on input line 94.
(pdftex.def)             Requested size: 169.0519pt x 118.33609pt.
<2pt_fit_6_nFH_3_meff.png, id=64, 722.7pt x 505.89pt>
File: 2pt_fit_6_nFH_3_meff.png Graphic file (type png)
<use 2pt_fit_6_nFH_3_meff.png>
Package pdftex.def Info: 2pt_fit_6_nFH_3_meff.png  used on input line 95.
(pdftex.def)             Requested size: 169.0519pt x 118.33609pt.
<simultaneous_2pt_3pt_tau1_4_nFH_3_gA.png, id=65, 722.7pt x 505.89pt>
File: simultaneous_2pt_3pt_tau1_4_nFH_3_gA.png Graphic file (type png)
<use simultaneous_2pt_3pt_tau1_4_nFH_3_gA.png>
Package pdftex.def Info: simultaneous_2pt_3pt_tau1_4_nFH_3_gA.png  used on inpu
t line 102.
(pdftex.def)             Requested size: 169.0519pt x 118.33609pt.
<simultaneous_2pt_3pt_tau1_5_nFH_3_gA.png, id=66, 722.7pt x 505.89pt>
File: simultaneous_2pt_3pt_tau1_5_nFH_3_gA.png Graphic file (type png)
<use simultaneous_2pt_3pt_tau1_5_nFH_3_gA.png>
Package pdftex.def Info: simultaneous_2pt_3pt_tau1_5_nFH_3_gA.png  used on inpu
t line 103.
(pdftex.def)             Requested size: 169.0519pt x 118.33609pt.
<simultaneous_2pt_3pt_tau1_6_nFH_3_gA.png, id=67, 722.7pt x 505.89pt>
File: simultaneous_2pt_3pt_tau1_6_nFH_3_gA.png Graphic file (type png)
<use simultaneous_2pt_3pt_tau1_6_nFH_3_gA.png>
Package pdftex.def Info: simultaneous_2pt_3pt_tau1_6_nFH_3_gA.png  used on inpu
t line 104.
(pdftex.def)             Requested size: 169.0519pt x 118.33609pt.
 [3]
<g_{A300}_modelcomp.png, id=75, 1084.05pt x 505.89pt>
File: g_{A300}_modelcomp.png Graphic file (type png)
<use g_{A300}_modelcomp.png>
Package pdftex.def Info: g_{A300}_modelcomp.png  used on input line 127.
(pdftex.def)             Requested size: 327.74895pt x 152.9492pt.
<g_{V400}_modelcomp.png, id=76, 1084.05pt x 505.89pt>
File: g_{V400}_modelcomp.png Graphic file (type png)
<use g_{V400}_modelcomp.png>
Package pdftex.def Info: g_{V400}_modelcomp.png  used on input line 133.
(pdftex.def)             Requested size: 327.74895pt x 152.9492pt.
<E0_modelcomp.png, id=77, 1084.05pt x 505.89pt>
File: E0_modelcomp.png Graphic file (type png)
<use E0_modelcomp.png>
Package pdftex.def Info: E0_modelcomp.png  used on input line 139.
(pdftex.def)             Requested size: 327.74895pt x 152.9492pt.

[4 <./2pt_fit_4_nFH_3_meff_harmosc.png> <./2pt_fit_5_nFH_3_meff_harmosc.png> <.
/2pt_fit_6_nFH_3_meff_harmosc.png>] [5 <./simultaneous_2pt_3pt_tau1_4_nFH_3_gA_
harmosc.png> <./simultaneous_2pt_3pt_tau1_5_nFH_3_gA_harmosc.png> <./simultaneo
us_2pt_3pt_tau1_6_nFH_3_gA_harmosc.png>]
Overfull \hbox (14.58391pt too wide) in paragraph at lines 189--190
[]\OT1/cmr/m/n/10 Figure 9 shows the graph-i-cal re-sults of the si-mul-ta-ne-o
us 2-point-sum-subtracted-
 []

<simultaneous_2pt_sumsub_3pt_6_nFH_4_meff.png, id=97, 722.7pt x 505.89pt>
File: simultaneous_2pt_sumsub_3pt_6_nFH_4_meff.png Graphic file (type png)
<use simultaneous_2pt_sumsub_3pt_6_nFH_4_meff.png>
Package pdftex.def Info: simultaneous_2pt_sumsub_3pt_6_nFH_4_meff.png  used on 
input line 193.
(pdftex.def)             Requested size: 169.0519pt x 118.33609pt.
<simultaneous_2pt_sumsub_3pt_6_nFH_4_zSeff.png, id=98, 722.7pt x 505.89pt>
File: simultaneous_2pt_sumsub_3pt_6_nFH_4_zSeff.png Graphic file (type png)
<use simultaneous_2pt_sumsub_3pt_6_nFH_4_zSeff.png>
Package pdftex.def Info: simultaneous_2pt_sumsub_3pt_6_nFH_4_zSeff.png  used on
 input line 194.
(pdftex.def)             Requested size: 169.0519pt x 118.33609pt.
<simultaneous_2pt_sumsub_3pt_6_nFH_4_zPeff.png, id=99, 722.7pt x 505.89pt>
File: simultaneous_2pt_sumsub_3pt_6_nFH_4_zPeff.png Graphic file (type png)
<use simultaneous_2pt_sumsub_3pt_6_nFH_4_zPeff.png>
Package pdftex.def Info: simultaneous_2pt_sumsub_3pt_6_nFH_4_zPeff.png  used on
 input line 195.
(pdftex.def)             Requested size: 169.0519pt x 118.33609pt.
<simultaneous_2pt_sumsub_3pt_6_nFH_4_gA.png, id=100, 722.7pt x 505.89pt>
File: simultaneous_2pt_sumsub_3pt_6_nFH_4_gA.png Graphic file (type png)
<use simultaneous_2pt_sumsub_3pt_6_nFH_4_gA.png>
Package pdftex.def Info: simultaneous_2pt_sumsub_3pt_6_nFH_4_gA.png  used on in
put line 196.
(pdftex.def)             Requested size: 169.0519pt x 118.33609pt.
<simultaneous_2pt_sumsub_3pt_6_nFH_4_gV.png, id=101, 722.7pt x 505.89pt>
File: simultaneous_2pt_sumsub_3pt_6_nFH_4_gV.png Graphic file (type png)
<use simultaneous_2pt_sumsub_3pt_6_nFH_4_gV.png>
Package pdftex.def Info: simultaneous_2pt_sumsub_3pt_6_nFH_4_gV.png  used on in
put line 197.
(pdftex.def)             Requested size: 169.0519pt x 118.33609pt.
<simultaneous_2pt_sumsub_3pt_6_nFH_4_sumsub_gA.png, id=102, 722.7pt x 505.89pt>

File: simultaneous_2pt_sumsub_3pt_6_nFH_4_sumsub_gA.png Graphic file (type png)

<use simultaneous_2pt_sumsub_3pt_6_nFH_4_sumsub_gA.png>
Package pdftex.def Info: simultaneous_2pt_sumsub_3pt_6_nFH_4_sumsub_gA.png  use
d on input line 198.
(pdftex.def)             Requested size: 169.0519pt x 118.33609pt.
<simultaneous_2pt_sumsub_3pt_6_nFH_4_sumsub_gV.png, id=103, 722.7pt x 505.89pt>

File: simultaneous_2pt_sumsub_3pt_6_nFH_4_sumsub_gV.png Graphic file (type png)

<use simultaneous_2pt_sumsub_3pt_6_nFH_4_sumsub_gV.png>
Package pdftex.def Info: simultaneous_2pt_sumsub_3pt_6_nFH_4_sumsub_gV.png  use
d on input line 199.
(pdftex.def)             Requested size: 169.0519pt x 118.33609pt.
<g_{A300}_modelcomp_5_nFH_3.png, id=107, 1084.05pt x 505.89pt>
File: g_{A300}_modelcomp_5_nFH_3.png Graphic file (type png)
<use g_{A300}_modelcomp_5_nFH_3.png>
Package pdftex.def Info: g_{A300}_modelcomp_5_nFH_3.png  used on input line 207
.
(pdftex.def)             Requested size: 327.74895pt x 152.9492pt.
<g_{V400}_modelcomp_5_nFH_3.png, id=108, 1084.05pt x 505.89pt>
File: g_{V400}_modelcomp_5_nFH_3.png Graphic file (type png)
<use g_{V400}_modelcomp_5_nFH_3.png>
Package pdftex.def Info: g_{V400}_modelcomp_5_nFH_3.png  used on input line 213
.
(pdftex.def)             Requested size: 327.74895pt x 152.9492pt.
<E0_modelcomp_5_nFH_3.png, id=109, 1084.05pt x 505.89pt>
File: E0_modelcomp_5_nFH_3.png Graphic file (type png)
<use E0_modelcomp_5_nFH_3.png>
Package pdftex.def Info: E0_modelcomp_5_nFH_3.png  used on input line 219.
(pdftex.def)             Requested size: 327.74895pt x 152.9492pt.
<simultaneous_2pt_sumsub_3pt_5_nFH_3_meff.png, id=110, 722.7pt x 505.89pt>
File: simultaneous_2pt_sumsub_3pt_5_nFH_3_meff.png Graphic file (type png)
<use simultaneous_2pt_sumsub_3pt_5_nFH_3_meff.png>
Package pdftex.def Info: simultaneous_2pt_sumsub_3pt_5_nFH_3_meff.png  used on 
input line 268.
(pdftex.def)             Requested size: 169.0519pt x 118.33609pt.
<simultaneous_2pt_sumsub_3pt_5_nFH_3_zSeff.png, id=111, 722.7pt x 505.89pt>
File: simultaneous_2pt_sumsub_3pt_5_nFH_3_zSeff.png Graphic file (type png)
<use simultaneous_2pt_sumsub_3pt_5_nFH_3_zSeff.png>
Package pdftex.def Info: simultaneous_2pt_sumsub_3pt_5_nFH_3_zSeff.png  used on
 input line 269.
(pdftex.def)             Requested size: 169.0519pt x 118.33609pt.
<simultaneous_2pt_sumsub_3pt_5_nFH_3_zPeff.png, id=112, 722.7pt x 505.89pt>
File: simultaneous_2pt_sumsub_3pt_5_nFH_3_zPeff.png Graphic file (type png)
<use simultaneous_2pt_sumsub_3pt_5_nFH_3_zPeff.png>
Package pdftex.def Info: simultaneous_2pt_sumsub_3pt_5_nFH_3_zPeff.png  used on
 input line 270.
(pdftex.def)             Requested size: 169.0519pt x 118.33609pt.
<simultaneous_2pt_sumsub_3pt_5_nFH_3_gA.png, id=113, 722.7pt x 505.89pt>
File: simultaneous_2pt_sumsub_3pt_5_nFH_3_gA.png Graphic file (type png)
<use simultaneous_2pt_sumsub_3pt_5_nFH_3_gA.png>
Package pdftex.def Info: simultaneous_2pt_sumsub_3pt_5_nFH_3_gA.png  used on in
put line 271.
(pdftex.def)             Requested size: 169.0519pt x 118.33609pt.
<simultaneous_2pt_sumsub_3pt_5_nFH_3_gV.png, id=114, 722.7pt x 505.89pt>
File: simultaneous_2pt_sumsub_3pt_5_nFH_3_gV.png Graphic file (type png)
<use simultaneous_2pt_sumsub_3pt_5_nFH_3_gV.png>
Package pdftex.def Info: simultaneous_2pt_sumsub_3pt_5_nFH_3_gV.png  used on in
put line 272.
(pdftex.def)             Requested size: 169.0519pt x 118.33609pt.
<simultaneous_2pt_sumsub_3pt_5_nFH_3_sumsub_gA.png, id=115, 722.7pt x 505.89pt>

File: simultaneous_2pt_sumsub_3pt_5_nFH_3_sumsub_gA.png Graphic file (type png)

<use simultaneous_2pt_sumsub_3pt_5_nFH_3_sumsub_gA.png>
Package pdftex.def Info: simultaneous_2pt_sumsub_3pt_5_nFH_3_sumsub_gA.png  use
d on input line 273.
(pdftex.def)             Requested size: 169.0519pt x 118.33609pt.
<simultaneous_2pt_sumsub_3pt_5_nFH_3_sumsub_gV.png, id=116, 722.7pt x 505.89pt>

File: simultaneous_2pt_sumsub_3pt_5_nFH_3_sumsub_gV.png Graphic file (type png)

<use simultaneous_2pt_sumsub_3pt_5_nFH_3_sumsub_gV.png>
Package pdftex.def Info: simultaneous_2pt_sumsub_3pt_5_nFH_3_sumsub_gV.png  use
d on input line 274.
(pdftex.def)             Requested size: 169.0519pt x 118.33609pt.
[6 <./2pt_fit_4_nFH_3_meff.png> <./2pt_fit_5_nFH_3_meff.png> <./2pt_fit_6_nFH_3
_meff.png>] [7 <./simultaneous_2pt_3pt_tau1_4_nFH_3_gA.png> <./simultaneous_2pt
_3pt_tau1_5_nFH_3_gA.png> <./simultaneous_2pt_3pt_tau1_6_nFH_3_gA.png> <./g_{A3
00}_modelcomp.png>] [8 <./g_{V400}_modelcomp.png> <./E0_modelcomp.png>]
[9 <./simultaneous_2pt_sumsub_3pt_6_nFH_4_meff.png> <./simultaneous_2pt_sumsub_
3pt_6_nFH_4_zSeff.png> <./simultaneous_2pt_sumsub_3pt_6_nFH_4_zPeff.png> <./sim
ultaneous_2pt_sumsub_3pt_6_nFH_4_gA.png> <./simultaneous_2pt_sumsub_3pt_6_nFH_4
_gV.png> <./simultaneous_2pt_sumsub_3pt_6_nFH_4_sumsub_gA.png> <./simultaneous_
2pt_sumsub_3pt_6_nFH_4_sumsub_gV.png>] [10 <./g_{A300}_modelcomp_5_nFH_3.png> <
./g_{V400}_modelcomp_5_nFH_3.png> <./E0_modelcomp_5_nFH_3.png>] [11 <./simultan
eous_2pt_sumsub_3pt_5_nFH_3_meff.png> <./simultaneous_2pt_sumsub_3pt_5_nFH_3_zS
eff.png> <./simultaneous_2pt_sumsub_3pt_5_nFH_3_zPeff.png> <./simultaneous_2pt_
sumsub_3pt_5_nFH_3_gA.png> <./simultaneous_2pt_sumsub_3pt_5_nFH_3_gV.png> <./si
multaneous_2pt_sumsub_3pt_5_nFH_3_sumsub_gA.png> <./simultaneous_2pt_sumsub_3pt
_5_nFH_3_sumsub_gV.png>]
<2pt_sumsub_3pt_fit_nzs5_nFH3_readout_1.png, id=181, 532.99126pt x 1019.81pt>
File: 2pt_sumsub_3pt_fit_nzs5_nFH3_readout_1.png Graphic file (type png)
<use 2pt_sumsub_3pt_fit_nzs5_nFH3_readout_1.png>
Package pdftex.def Info: 2pt_sumsub_3pt_fit_nzs5_nFH3_readout_1.png  used on in
put line 290.
(pdftex.def)             Requested size: 203.54874pt x 389.4614pt.
<2pt_sumsub_3pt_fit_nzs5_nFH3_readout_2.png, id=182, 491.8375pt x 920.43875pt>
File: 2pt_sumsub_3pt_fit_nzs5_nFH3_readout_2.png Graphic file (type png)
<use 2pt_sumsub_3pt_fit_nzs5_nFH3_readout_2.png>
Package pdftex.def Info: 2pt_sumsub_3pt_fit_nzs5_nFH3_readout_2.png  used on in
put line 291.
(pdftex.def)             Requested size: 203.54874pt x 380.9216pt.

Overfull \hbox (64.31969pt too wide) in paragraph at lines 290--292
[][] [] 
 []

[12 <./2pt_sumsub_3pt_fit_nzs5_nFH3_readout_1.png> <./2pt_sumsub_3pt_fit_nzs5_n
FH3_readout_2.png>]
<2pt_sumsub_3pt_fit_nzs6_nFH3_readout_1.png, id=190, 419.5675pt x 1019.81pt>
File: 2pt_sumsub_3pt_fit_nzs6_nFH3_readout_1.png Graphic file (type png)
<use 2pt_sumsub_3pt_fit_nzs6_nFH3_readout_1.png>
Package pdftex.def Info: 2pt_sumsub_3pt_fit_nzs6_nFH3_readout_1.png  used on in
put line 298.
(pdftex.def)             Requested size: 207.0021pt x 503.1347pt.
<2pt_sumsub_3pt_fit_nzs6_nFH3_readout_2.png, id=191, 492.84125pt x 933.4875pt>
File: 2pt_sumsub_3pt_fit_nzs6_nFH3_readout_2.png Graphic file (type png)
<use 2pt_sumsub_3pt_fit_nzs6_nFH3_readout_2.png>
Package pdftex.def Info: 2pt_sumsub_3pt_fit_nzs6_nFH3_readout_2.png  used on in
put line 299.
(pdftex.def)             Requested size: 265.65147pt x 503.19263pt.

Overfull \hbox (129.8758pt too wide) in paragraph at lines 298--300
[][] [] 
 []


LaTeX Warning: `h' float specifier changed to `ht'.

<2pt_sumsub_3pt_fit_nzs6_nFH4_readout_1.png, id=192, 366.36874pt x 888.31876pt>

File: 2pt_sumsub_3pt_fit_nzs6_nFH4_readout_1.png Graphic file (type png)
<use 2pt_sumsub_3pt_fit_nzs6_nFH4_readout_1.png>
Package pdftex.def Info: 2pt_sumsub_3pt_fit_nzs6_nFH4_readout_1.png  used on in
put line 306.
(pdftex.def)             Requested size: 207.0021pt x 501.91458pt.
<2pt_sumsub_3pt_fit_nzs6_nFH4_readout_2.png, id=193, 492.84125pt x 929.4725pt>
File: 2pt_sumsub_3pt_fit_nzs6_nFH4_readout_2.png Graphic file (type png)
<use 2pt_sumsub_3pt_fit_nzs6_nFH4_readout_2.png>
Package pdftex.def Info: 2pt_sumsub_3pt_fit_nzs6_nFH4_readout_2.png  used on in
put line 307.
(pdftex.def)             Requested size: 265.65147pt x 501.02837pt.

Overfull \hbox (129.8758pt too wide) in paragraph at lines 306--308
[][] [] 
 []


LaTeX Warning: `h' float specifier changed to `ht'.

Package atveryend Info: Empty hook `BeforeClearDocument' on input line 311.
[13 <./2pt_sumsub_3pt_fit_nzs6_nFH3_readout_1.png> <./2pt_sumsub_3pt_fit_nzs6_n
FH3_readout_2.png>] [14 <./2pt_sumsub_3pt_fit_nzs6_nFH4_readout_1.png> <./2pt_s
umsub_3pt_fit_nzs6_nFH4_readout_2.png>]
Package atveryend Info: Empty hook `AfterLastShipout' on input line 311.
 (./fit_report.aux)
Package atveryend Info: Executing hook `AtVeryEndDocument' on input line 311.
Package atveryend Info: Executing hook `AtEndAfterFileList' on input line 311.
Package rerunfilecheck Info: File `fit_report.out' has not changed.
(rerunfilecheck)             Checksum: 95AAC9586AF5ADBA89317BD2751C532A;305.
Package atveryend Info: Empty hook `AtVeryVeryEnd' on input line 311.
 ) 
Here is how much of TeX's memory you used:
 7183 strings out of 480608
 117056 string characters out of 5903631
 386099 words of memory out of 5000000
 22892 multiletter control sequences out of 15000+600000
 534636 words of font info for 32 fonts, out of 8000000 for 9000
 1141 hyphenation exceptions out of 8191
 44i,10n,41p,852b,342s stack positions out of 5000i,500n,10000p,200000b,80000s
{/usr/local/texlive/2020/texmf-dist/fonts/enc/dvips/cm-super/cm-super-ts1.enc
}</usr/local/texlive/2020/texmf-dist/fonts/type1/public/amsfonts/cm/cmbx12.pfb>
</usr/local/texlive/2020/texmf-dist/fonts/type1/public/amsfonts/cm/cmex10.pfb><
/usr/local/texlive/2020/texmf-dist/fonts/type1/public/amsfonts/cm/cmmi10.pfb></
usr/local/texlive/2020/texmf-dist/fonts/type1/public/amsfonts/cm/cmmi5.pfb></us
r/local/texlive/2020/texmf-dist/fonts/type1/public/amsfonts/cm/cmmi7.pfb></usr/
local/texlive/2020/texmf-dist/fonts/type1/public/amsfonts/cm/cmr10.pfb></usr/lo
cal/texlive/2020/texmf-dist/fonts/type1/public/amsfonts/cm/cmr12.pfb></usr/loca
l/texlive/2020/texmf-dist/fonts/type1/public/amsfonts/cm/cmr17.pfb></usr/local/
texlive/2020/texmf-dist/fonts/type1/public/amsfonts/cm/cmr5.pfb></usr/local/tex
live/2020/texmf-dist/fonts/type1/public/amsfonts/cm/cmr7.pfb></usr/local/texliv
e/2020/texmf-dist/fonts/type1/public/amsfonts/cm/cmsy10.pfb></usr/local/texlive
/2020/texmf-dist/fonts/type1/public/amsfonts/cm/cmsy7.pfb></usr/local/texlive/2
020/texmf-dist/fonts/type1/public/cm-super/sfrm1000.pfb>
Output written on fit_report.pdf (14 pages, 5207117 bytes).
PDF statistics:
 266 PDF objects out of 1000 (max. 8388607)
 153 compressed objects within 2 object streams
 43 named destinations out of 1000 (max. 500000)
 246 words of extra memory for PDF output out of 10000 (max. 10000000)

